<?xml version="1.0" encoding="UTF-8"?>
<!-- Generated by org.testng.reporters.JUnitXMLReporter -->
<testsuite ignored="0" hostname="DESKTOP-VM4S16F" failures="0" tests="3" name="Default test" time="55.527" errors="0" timestamp="2024-04-25T16:55:42 IST">
  <testcase classname="testScenarios.LoginTest" name="loginAndEnterToHomePage" time="3.033"/>
  <testcase classname="testScenarios.LoginTest" name="createTrip" time="37.569"/>
  <testcase classname="testScenarios.LoginTest" name="allocateTruck" time="7.19"/>
</testsuite> <!-- Default test -->
