<?xml version="1.0" encoding="UTF-8"?>
<!-- Generated by org.testng.reporters.JUnitXMLReporter -->
<testsuite ignored="4" hostname="DESKTOP-VM4S16F" failures="1" tests="6" name="Test" time="26.977" errors="0" timestamp="2024-07-09T10:15:12 IST">
  <testcase classname="testScenarios.AddDriverDataTest" name="addDriverTest" time="9.262">
    <failure type="java.lang.AssertionError" message="expected [true] but found [false]">
      <![CDATA[java.lang.AssertionError: expected [true] but found [false]
at testScenarios.AddDriverDataTest.addDriverTest(AddDriverDataTest.java:114)
at java.base/java.util.ArrayList.forEach(ArrayList.java:1511)
... Removed 31 stack frames]]>
    </failure>
  </testcase> <!-- addDriverTest -->
  <testcase classname="testScenarios.LoginDriverTest" name="loginAfterHoldDriver" time="0.0">
    <skipped/>
  </testcase> <!-- loginAfterHoldDriver -->
  <testcase classname="testScenarios.DriverHoldTest" name="driverHoldTest" time="0.0">
    <skipped/>
  </testcase> <!-- driverHoldTest -->
  <testcase classname="testScenarios.LoginTestAfterHoldDriver" name="loginAfterHoldDriver" time="0.0">
    <skipped/>
  </testcase> <!-- loginAfterHoldDriver -->
  <testcase classname="testScenarios.ActivateDriverTest" name="driverActiveTest" time="0.0">
    <skipped/>
  </testcase> <!-- driverActiveTest -->
  <testcase classname="testScenarios.DeleteDriverDataTest" name="deleteDriverDataTest" time="0.0">
    <skipped/>
  </testcase> <!-- deleteDriverDataTest -->
  <testcase classname="com.framework.BaseTest" name="@BeforeTest setup" time="0.0">
    <ignored/>
  </testcase> <!-- @BeforeTest setup -->
  <testcase classname="com.framework.BaseTest" name="@BeforeTest setup" time="0.0">
    <ignored/>
  </testcase> <!-- @BeforeTest setup -->
  <testcase classname="testScenarios.DeleteDriverDataTest" name="@BeforeTest setup" time="0.0">
    <ignored/>
  </testcase> <!-- @BeforeTest setup -->
  <testcase classname="com.framework.BrowserBaseTest" name="@BeforeTest setup" time="0.0">
    <ignored/>
  </testcase> <!-- @BeforeTest setup -->
</testsuite> <!-- Test -->
