<?xml version="1.0" encoding="UTF-8"?>
<!-- Generated by org.testng.reporters.JUnitXMLReporter -->
<testsuite ignored="10" hostname="DESKTOP-VM4S16F" failures="0" tests="12" name="Test" time="165.505" errors="0" timestamp="2024-06-27T12:15:45 IST">
  <testcase classname="testScenarios.CheckCountryCode" name="checkCountryCode" time="15.625"/>
  <testcase classname="testScenarios.CheckUtcTime" name="checkUtcTime" time="1.038"/>
  <testcase classname="testScenarios.AddNewUserTest" name="addNewUserTest" time="8.896"/>
  <testcase classname="testScenarios.NewUserLoginTest" name="newUserLoginTest" time="8.028"/>
  <testcase classname="testScenarios.ModifyUserDataTest" name="modifyUserDataTest" time="25.098"/>
  <testcase classname="testScenarios.UserPasswordReset" name="resetUserPassewordTest" time="25.83"/>
  <testcase classname="testScenarios.LoginTestAfterPasswordReset" name="loginTestAfterPasswordReset" time="8.733"/>
  <testcase classname="testScenarios.PutUserOnHoldTest" name="putUserOnHoldTest" time="4.881"/>
  <testcase classname="testScenarios.CheckUserOnHoldUsingLoginTest" name="checkUserOnHoldUsingLoginTest" time="8.55"/>
  <testcase classname="testScenarios.PutUserActiveTest" name="putUserActiveTest" time="14.122"/>
  <testcase classname="testScenarios.LoginUserAfterActivatingTest" name="loginUserAfterActivating" time="7.999"/>
  <testcase classname="testScenarios.DeleteUserTest" name="deleteUserTest" time="23.085"/>
  <testcase classname="com.framework.BaseTest" name="@BeforeTest setup" time="0.0">
    <ignored/>
  </testcase> <!-- @BeforeTest setup -->
  <testcase classname="com.framework.BaseTest" name="@BeforeTest setup" time="0.0">
    <ignored/>
  </testcase> <!-- @BeforeTest setup -->
  <testcase classname="com.framework.BaseTest" name="@BeforeTest setup" time="0.0">
    <ignored/>
  </testcase> <!-- @BeforeTest setup -->
  <testcase classname="com.framework.BaseTest" name="@BeforeTest setup" time="0.0">
    <ignored/>
  </testcase> <!-- @BeforeTest setup -->
  <testcase classname="com.framework.BaseTest" name="@BeforeTest setup" time="0.0">
    <ignored/>
  </testcase> <!-- @BeforeTest setup -->
  <testcase classname="com.framework.BaseTest" name="@BeforeTest setup" time="0.0">
    <ignored/>
  </testcase> <!-- @BeforeTest setup -->
  <testcase classname="com.framework.BaseTest" name="@BeforeTest setup" time="0.0">
    <ignored/>
  </testcase> <!-- @BeforeTest setup -->
  <testcase classname="com.framework.BrowserBaseTest" name="@BeforeTest setup" time="0.0">
    <ignored/>
  </testcase> <!-- @BeforeTest setup -->
  <testcase classname="com.framework.BrowserBaseTest" name="@BeforeTest setup" time="0.0">
    <ignored/>
  </testcase> <!-- @BeforeTest setup -->
  <testcase classname="com.framework.BrowserBaseTest" name="@BeforeTest setup" time="0.0">
    <ignored/>
  </testcase> <!-- @BeforeTest setup -->
</testsuite> <!-- Test -->
