<?xml version="1.0" encoding="UTF-8"?>
<!-- Generated by org.testng.reporters.JUnitXMLReporter -->
<testsuite ignored="7" hostname="DESKTOP-VM4S16F" failures="0" tests="9" name="Test" time="97.186" errors="0" timestamp="2024-06-23T19:49:13 IST">
  <testcase classname="testScenarios.AddNewUserTest" name="addNewUserTest" time="17.069"/>
  <testcase classname="testScenarios.NewUserLoginTest" name="newUserLoginTest" time="15.071"/>
  <testcase classname="testScenarios.ModifyUserDataTest" name="modifyUserDataTest" time="7.369"/>
  <testcase classname="testScenarios.UserPasswordReset" name="resetUserPassewordTest" time="8.483"/>
  <testcase classname="testScenarios.LoginTestAfterPasswordReset" name="loginTestAfterPasswordReset" time="8.626"/>
  <testcase classname="testScenarios.PutUserOnHoldTest" name="putUserOnHoldTest" time="5.219"/>
  <testcase classname="testScenarios.CheckUserOnHoldUsingLoginTest" name="checkUserOnHoldUsingLoginTest" time="8.699"/>
  <testcase classname="testScenarios.PutUserActiveTest" name="putUserActiveTest" time="9.543"/>
  <testcase classname="testScenarios.DeleteUserTest" name="deleteUserTest" time="7.243"/>
  <testcase classname="com.framework.BaseTest" name="@BeforeTest setup" time="0.0">
    <ignored/>
  </testcase> <!-- @BeforeTest setup -->
  <testcase classname="com.framework.BaseTest" name="@BeforeTest setup" time="0.0">
    <ignored/>
  </testcase> <!-- @BeforeTest setup -->
  <testcase classname="com.framework.BaseTest" name="@BeforeTest setup" time="0.0">
    <ignored/>
  </testcase> <!-- @BeforeTest setup -->
  <testcase classname="com.framework.BaseTest" name="@BeforeTest setup" time="0.0">
    <ignored/>
  </testcase> <!-- @BeforeTest setup -->
  <testcase classname="com.framework.BaseTest" name="@BeforeTest setup" time="0.0">
    <ignored/>
  </testcase> <!-- @BeforeTest setup -->
  <testcase classname="com.framework.BrowserBaseTest" name="@BeforeTest setup" time="0.0">
    <ignored/>
  </testcase> <!-- @BeforeTest setup -->
  <testcase classname="com.framework.BrowserBaseTest" name="@BeforeTest setup" time="0.0">
    <ignored/>
  </testcase> <!-- @BeforeTest setup -->
</testsuite> <!-- Test -->
