<?xml version="1.0" encoding="UTF-8"?>
<!-- Generated by org.testng.reporters.JUnitXMLReporter -->
<testsuite ignored="1" hostname="DESKTOP-VM4S16F" failures="0" tests="10" name="Test" time="63.585" errors="0" timestamp="2024-07-01T19:18:24 IST">
  <testcase classname="com.Login.LoginTest" name="loginTest" time="4.763"/>
  <testcase classname="com.Login.LoginTest" name="loginTest" time="2.513"/>
  <testcase classname="com.Login.LoginTest" name="loginTest" time="0.899"/>
  <testcase classname="com.Login.LoginTest" name="loginTest" time="0.834"/>
  <testcase classname="com.Login.LoginTest" name="loginTest" time="3.614"/>
  <testcase classname="com.Login.LoginTest" name="loginTest" time="3.036"/>
  <testcase classname="com.Login.LoginTest" name="loginTest" time="2.583"/>
  <testcase classname="com.Login.LoginTest" name="loginTest" time="2.009"/>
  <testcase classname="com.Login.ForgetPasswordTest" name="forgetPasswordTest" time="11.451"/>
  <testcase classname="com.Login.LoginAfterForgetPassword" name="loginAfterForgetPassword" time="4.932"/>
  <testcase classname="com.framework.BaseTest" name="@BeforeTest setup" time="0.0">
    <ignored/>
  </testcase> <!-- @BeforeTest setup -->
</testsuite> <!-- Test -->
